The system is: Darwin - 18.7.0 - x86_64
Compiling the C compiler identification source file "CMakeCCompilerId.c" succeeded.
Compiler: /usr/bin/clang 
Build flags: 
Id flags:  

The output was:
0
note: Using new build system
note: Planning build
note: Constructing build description
Build system information
warning: Traditional headermap style is no longer supported; please migrate to using separate headermaps and set 'ALWAYS_SEARCH_USER_PATHS' to NO. (in target 'CompilerIdC')

CreateBuildDirectory /p/try/glfm/build/ios/CMakeFiles/3.9.6/CompilerIdC (in target: CompilerIdC)
    cd /p/try/glfm/build/ios/CMakeFiles/3.9.6/CompilerIdC
    builtin-create-build-directory /p/try/glfm/build/ios/CMakeFiles/3.9.6/CompilerIdC

WriteAuxiliaryFile /p/try/glfm/build/ios/CMakeFiles/3.9.6/CompilerIdC/CompilerIdC.build/Debug/CompilerIdC.build/CompilerIdC-all-target-headers.hmap (in target: CompilerIdC)
    cd /p/try/glfm/build/ios/CMakeFiles/3.9.6/CompilerIdC
    write-file /p/try/glfm/build/ios/CMakeFiles/3.9.6/CompilerIdC/CompilerIdC.build/Debug/CompilerIdC.build/CompilerIdC-all-target-headers.hmap

WriteAuxiliaryFile /p/try/glfm/build/ios/CMakeFiles/3.9.6/CompilerIdC/CompilerIdC.build/Debug/CompilerIdC.build/CompilerIdC-own-target-headers.hmap (in target: CompilerIdC)
    cd /p/try/glfm/build/ios/CMakeFiles/3.9.6/CompilerIdC
    write-file /p/try/glfm/build/ios/CMakeFiles/3.9.6/CompilerIdC/CompilerIdC.build/Debug/CompilerIdC.build/CompilerIdC-own-target-headers.hmap

WriteAuxiliaryFile /p/try/glfm/build/ios/CMakeFiles/3.9.6/CompilerIdC/CompilerIdC.build/Debug/CompilerIdC.build/all-product-headers.yaml (in target: CompilerIdC)
    cd /p/try/glfm/build/ios/CMakeFiles/3.9.6/CompilerIdC
    write-file /p/try/glfm/build/ios/CMakeFiles/3.9.6/CompilerIdC/CompilerIdC.build/Debug/CompilerIdC.build/all-product-headers.yaml

WriteAuxiliaryFile /p/try/glfm/build/ios/CMakeFiles/3.9.6/CompilerIdC/CompilerIdC.build/Debug/CompilerIdC.build/CompilerIdC.hmap (in target: CompilerIdC)
    cd /p/try/glfm/build/ios/CMakeFiles/3.9.6/CompilerIdC
    write-file /p/try/glfm/build/ios/CMakeFiles/3.9.6/CompilerIdC/CompilerIdC.build/Debug/CompilerIdC.build/CompilerIdC.hmap

WriteAuxiliaryFile /p/try/glfm/build/ios/CMakeFiles/3.9.6/CompilerIdC/CompilerIdC.build/Debug/CompilerIdC.build/CompilerIdC-all-non-framework-target-headers.hmap (in target: CompilerIdC)
    cd /p/try/glfm/build/ios/CMakeFiles/3.9.6/CompilerIdC
    write-file /p/try/glfm/build/ios/CMakeFiles/3.9.6/CompilerIdC/CompilerIdC.build/Debug/CompilerIdC.build/CompilerIdC-all-non-framework-target-headers.hmap

WriteAuxiliaryFile /p/try/glfm/build/ios/CMakeFiles/3.9.6/CompilerIdC/CompilerIdC.build/Debug/CompilerIdC.build/CompilerIdC-project-headers.hmap (in target: CompilerIdC)
    cd /p/try/glfm/build/ios/CMakeFiles/3.9.6/CompilerIdC
    write-file /p/try/glfm/build/ios/CMakeFiles/3.9.6/CompilerIdC/CompilerIdC.build/Debug/CompilerIdC.build/CompilerIdC-project-headers.hmap

WriteAuxiliaryFile /p/try/glfm/build/ios/CMakeFiles/3.9.6/CompilerIdC/CompilerIdC.build/Debug/CompilerIdC.build/CompilerIdC-generated-files.hmap (in target: CompilerIdC)
    cd /p/try/glfm/build/ios/CMakeFiles/3.9.6/CompilerIdC
    write-file /p/try/glfm/build/ios/CMakeFiles/3.9.6/CompilerIdC/CompilerIdC.build/Debug/CompilerIdC.build/CompilerIdC-generated-files.hmap

CompileC /p/try/glfm/build/ios/CMakeFiles/3.9.6/CompilerIdC/CompilerIdC.build/Debug/CompilerIdC.build/Objects-normal/x86_64/CMakeCCompilerId.o /p/try/glfm/build/ios/CMakeFiles/3.9.6/CompilerIdC/CMakeCCompilerId.c normal x86_64 c com.apple.compilers.llvm.clang.1_0.compiler (in target: CompilerIdC)
    cd /p/try/glfm/build/ios/CMakeFiles/3.9.6/CompilerIdC
    export LANG=en_US.US-ASCII
    /Applications/Xcode.app/Contents/Developer/Toolchains/XcodeDefault.xctoolchain/usr/bin/clang -x c -arch x86_64 -fmessage-length=0 -fdiagnostics-show-note-include-stack -fmacro-backtrace-limit=0 -Wno-trigraphs -fpascal-strings -Os -Wno-missing-field-initializers -Wno-missing-prototypes -Wno-return-type -Wno-missing-braces -Wparentheses -Wswitch -Wno-unused-function -Wno-unused-label -Wno-unused-parameter -Wno-unused-variable -Wunused-value -Wno-empty-body -Wno-uninitialized -Wno-unknown-pragmas -Wno-shadow -Wno-four-char-constants -Wno-conversion -Wno-constant-conversion -Wno-int-conversion -Wno-bool-conversion -Wno-enum-conversion -Wno-float-conversion -Wno-non-literal-null-conversion -Wno-objc-literal-conversion -Wno-shorten-64-to-32 -Wpointer-sign -Wno-newline-eof -isysroot /Library/Developer/CommandLineTools/SDKs/MacOSX10.14.sdk -fasm-blocks -fstrict-aliasing -Wdeprecated-declarations -mmacosx-version-min=10.14 -g -fvisibility=hidden -Wno-sign-conversion -Wno-infinite-recursion -Wno-comma -Wno-block-capture-autoreleasing -Wno-strict-prototypes -Wno-semicolon-before-method-body -iquote /p/try/glfm/build/ios/CMakeFiles/3.9.6/CompilerIdC/CompilerIdC.build/Debug/CompilerIdC.build/CompilerIdC-generated-files.hmap -I/p/try/glfm/build/ios/CMakeFiles/3.9.6/CompilerIdC/CompilerIdC.build/Debug/CompilerIdC.build/CompilerIdC-own-target-headers.hmap -I/p/try/glfm/build/ios/CMakeFiles/3.9.6/CompilerIdC/CompilerIdC.build/Debug/CompilerIdC.build/CompilerIdC-all-target-headers.hmap -iquote /p/try/glfm/build/ios/CMakeFiles/3.9.6/CompilerIdC/CompilerIdC.build/Debug/CompilerIdC.build/CompilerIdC-project-headers.hmap -I/p/try/glfm/build/ios/CMakeFiles/3.9.6/CompilerIdC/include -I/p/try/glfm/build/ios/CMakeFiles/3.9.6/CompilerIdC/CompilerIdC.build/Debug/CompilerIdC.build/DerivedSources-normal/x86_64 -I/p/try/glfm/build/ios/CMakeFiles/3.9.6/CompilerIdC/CompilerIdC.build/Debug/CompilerIdC.build/DerivedSources/x86_64 -I/p/try/glfm/build/ios/CMakeFiles/3.9.6/CompilerIdC/CompilerIdC.build/Debug/CompilerIdC.build/DerivedSources -F/p/try/glfm/build/ios/CMakeFiles/3.9.6/CompilerIdC -MMD -MT dependencies -MF /p/try/glfm/build/ios/CMakeFiles/3.9.6/CompilerIdC/CompilerIdC.build/Debug/CompilerIdC.build/Objects-normal/x86_64/CMakeCCompilerId.d --serialize-diagnostics /p/try/glfm/build/ios/CMakeFiles/3.9.6/CompilerIdC/CompilerIdC.build/Debug/CompilerIdC.build/Objects-normal/x86_64/CMakeCCompilerId.dia -c /p/try/glfm/build/ios/CMakeFiles/3.9.6/CompilerIdC/CMakeCCompilerId.c -o /p/try/glfm/build/ios/CMakeFiles/3.9.6/CompilerIdC/CompilerIdC.build/Debug/CompilerIdC.build/Objects-normal/x86_64/CMakeCCompilerId.o

WriteAuxiliaryFile /p/try/glfm/build/ios/CMakeFiles/3.9.6/CompilerIdC/CompilerIdC.build/Debug/CompilerIdC.build/Objects-normal/x86_64/CompilerIdC.LinkFileList (in target: CompilerIdC)
    cd /p/try/glfm/build/ios/CMakeFiles/3.9.6/CompilerIdC
    write-file /p/try/glfm/build/ios/CMakeFiles/3.9.6/CompilerIdC/CompilerIdC.build/Debug/CompilerIdC.build/Objects-normal/x86_64/CompilerIdC.LinkFileList

Ld /p/try/glfm/build/ios/CMakeFiles/3.9.6/CompilerIdC/CompilerIdC normal x86_64 (in target: CompilerIdC)
    cd /p/try/glfm/build/ios/CMakeFiles/3.9.6/CompilerIdC
    export MACOSX_DEPLOYMENT_TARGET=10.14
    /Applications/Xcode.app/Contents/Developer/Toolchains/XcodeDefault.xctoolchain/usr/bin/clang -arch x86_64 -isysroot /Library/Developer/CommandLineTools/SDKs/MacOSX10.14.sdk -L/p/try/glfm/build/ios/CMakeFiles/3.9.6/CompilerIdC -F/p/try/glfm/build/ios/CMakeFiles/3.9.6/CompilerIdC -filelist /p/try/glfm/build/ios/CMakeFiles/3.9.6/CompilerIdC/CompilerIdC.build/Debug/CompilerIdC.build/Objects-normal/x86_64/CompilerIdC.LinkFileList -mmacosx-version-min=10.14 -Xlinker -object_path_lto -Xlinker /p/try/glfm/build/ios/CMakeFiles/3.9.6/CompilerIdC/CompilerIdC.build/Debug/CompilerIdC.build/Objects-normal/x86_64/CompilerIdC_lto.o -Xlinker -dependency_info -Xlinker /p/try/glfm/build/ios/CMakeFiles/3.9.6/CompilerIdC/CompilerIdC.build/Debug/CompilerIdC.build/Objects-normal/x86_64/CompilerIdC_dependency_info.dat -o /p/try/glfm/build/ios/CMakeFiles/3.9.6/CompilerIdC/CompilerIdC

WriteAuxiliaryFile /p/try/glfm/build/ios/CMakeFiles/3.9.6/CompilerIdC/CompilerIdC.build/Debug/CompilerIdC.build/Script-2C8FEB8E15DC1A1A00E56A5D.sh (in target: CompilerIdC)
    cd /p/try/glfm/build/ios/CMakeFiles/3.9.6/CompilerIdC
    write-file /p/try/glfm/build/ios/CMakeFiles/3.9.6/CompilerIdC/CompilerIdC.build/Debug/CompilerIdC.build/Script-2C8FEB8E15DC1A1A00E56A5D.sh

PhaseScriptExecution Run\ Script /p/try/glfm/build/ios/CMakeFiles/3.9.6/CompilerIdC/CompilerIdC.build/Debug/CompilerIdC.build/Script-2C8FEB8E15DC1A1A00E56A5D.sh (in target: CompilerIdC)
    cd /p/try/glfm/build/ios/CMakeFiles/3.9.6/CompilerIdC
    /bin/sh -c /p/try/glfm/build/ios/CMakeFiles/3.9.6/CompilerIdC/CompilerIdC.build/Debug/CompilerIdC.build/Script-2C8FEB8E15DC1A1A00E56A5D.sh
GCC_VERSION=com.apple.compilers.llvm.clang.1_0
CURRENT_ARCH=undefined_arch

** BUILD SUCCEEDED **



Compilation of the C compiler identification source "CMakeCCompilerId.c" produced "CompilerIdC"

The C compiler identification is AppleClang, found in "/p/try/glfm/build/ios/CMakeFiles/3.9.6/CompilerIdC/CompilerIdC"

Determining if the C compiler works passed with the following output:
Change Dir: /p/try/glfm/build/ios/CMakeFiles/CMakeTmp

Run Build Command:"/usr/bin/xcodebuild" "-project" "CMAKE_TRY_COMPILE.xcodeproj" "build" "-target" "cmTC_98d95" "-configuration" "Debug"
note: Using new build system
note: Planning build
note: Constructing build description
CreateBuildDirectory /p/try/glfm/build/ios/CMakeFiles/CMakeTmp (in target: cmTC_98d95)
    cd /p/try/glfm/build/ios/CMakeFiles/CMakeTmp
    builtin-create-build-directory /p/try/glfm/build/ios/CMakeFiles/CMakeTmp

WriteAuxiliaryFile /p/try/glfm/build/ios/CMakeFiles/CMakeTmp/CMAKE_TRY_COMPILE.build/Debug/cmTC_98d95.build/Objects-normal/x86_64/cmTC_98d95.LinkFileList (in target: cmTC_98d95)
    cd /p/try/glfm/build/ios/CMakeFiles/CMakeTmp
    write-file /p/try/glfm/build/ios/CMakeFiles/CMakeTmp/CMAKE_TRY_COMPILE.build/Debug/cmTC_98d95.build/Objects-normal/x86_64/cmTC_98d95.LinkFileList

CompileC /p/try/glfm/build/ios/CMakeFiles/CMakeTmp/CMAKE_TRY_COMPILE.build/Debug/cmTC_98d95.build/Objects-normal/x86_64/testCCompiler.o /p/try/glfm/build/ios/CMakeFiles/CMakeTmp/testCCompiler.c normal x86_64 c com.apple.compilers.llvm.clang.1_0.compiler (in target: cmTC_98d95)
    cd /p/try/glfm/build/ios/CMakeFiles/CMakeTmp
    export LANG=en_US.US-ASCII
    /Applications/Xcode.app/Contents/Developer/Toolchains/XcodeDefault.xctoolchain/usr/bin/clang -x c -arch x86_64 -fmessage-length=0 -fdiagnostics-show-note-include-stack -fmacro-backtrace-limit=0 -Wno-trigraphs -fpascal-strings -O0 -Wno-missing-field-initializers -Wno-missing-prototypes -Wno-return-type -Wno-missing-braces -Wparentheses -Wswitch -Wno-unused-function -Wno-unused-label -Wno-unused-parameter -Wno-unused-variable -Wunused-value -Wno-empty-body -Wno-uninitialized -Wno-unknown-pragmas -Wno-shadow -Wno-four-char-constants -Wno-conversion -Wno-constant-conversion -Wno-int-conversion -Wno-bool-conversion -Wno-enum-conversion -Wno-float-conversion -Wno-non-literal-null-conversion -Wno-objc-literal-conversion -Wno-shorten-64-to-32 -Wpointer-sign -Wno-newline-eof -DCMAKE_INTDIR=\"Debug\" -isysroot /Library/Developer/CommandLineTools/SDKs/MacOSX10.14.sdk -fasm-blocks -fstrict-aliasing -Wdeprecated-declarations -mmacosx-version-min=10.14 -g -Wno-sign-conversion -Wno-infinite-recursion -Wno-comma -Wno-block-capture-autoreleasing -Wno-strict-prototypes -Wno-semicolon-before-method-body -I/p/try/glfm/build/ios/CMakeFiles/CMakeTmp/Debug/include -I/p/try/glfm/build/ios/CMakeFiles/CMakeTmp/CMAKE_TRY_COMPILE.build/Debug/cmTC_98d95.build/DerivedSources-normal/x86_64 -I/p/try/glfm/build/ios/CMakeFiles/CMakeTmp/CMAKE_TRY_COMPILE.build/Debug/cmTC_98d95.build/DerivedSources/x86_64 -I/p/try/glfm/build/ios/CMakeFiles/CMakeTmp/CMAKE_TRY_COMPILE.build/Debug/cmTC_98d95.build/DerivedSources -Wmost -Wno-four-char-constants -Wno-unknown-pragmas -F/p/try/glfm/build/ios/CMakeFiles/CMakeTmp/Debug -MMD -MT dependencies -MF /p/try/glfm/build/ios/CMakeFiles/CMakeTmp/CMAKE_TRY_COMPILE.build/Debug/cmTC_98d95.build/Objects-normal/x86_64/testCCompiler.d --serialize-diagnostics /p/try/glfm/build/ios/CMakeFiles/CMakeTmp/CMAKE_TRY_COMPILE.build/Debug/cmTC_98d95.build/Objects-normal/x86_64/testCCompiler.dia -c /p/try/glfm/build/ios/CMakeFiles/CMakeTmp/testCCompiler.c -o /p/try/glfm/build/ios/CMakeFiles/CMakeTmp/CMAKE_TRY_COMPILE.build/Debug/cmTC_98d95.build/Objects-normal/x86_64/testCCompiler.o

Ld /p/try/glfm/build/ios/CMakeFiles/CMakeTmp/Debug/cmTC_98d95 normal x86_64 (in target: cmTC_98d95)
    cd /p/try/glfm/build/ios/CMakeFiles/CMakeTmp
    export MACOSX_DEPLOYMENT_TARGET=10.14
    /Applications/Xcode.app/Contents/Developer/Toolchains/XcodeDefault.xctoolchain/usr/bin/clang -arch x86_64 -isysroot /Library/Developer/CommandLineTools/SDKs/MacOSX10.14.sdk -L/p/try/glfm/build/ios/CMakeFiles/CMakeTmp/Debug -F/p/try/glfm/build/ios/CMakeFiles/CMakeTmp/Debug -filelist /p/try/glfm/build/ios/CMakeFiles/CMakeTmp/CMAKE_TRY_COMPILE.build/Debug/cmTC_98d95.build/Objects-normal/x86_64/cmTC_98d95.LinkFileList -mmacosx-version-min=10.14 -Xlinker -object_path_lto -Xlinker /p/try/glfm/build/ios/CMakeFiles/CMakeTmp/CMAKE_TRY_COMPILE.build/Debug/cmTC_98d95.build/Objects-normal/x86_64/cmTC_98d95_lto.o -Xlinker -no_deduplicate -Wl,-search_paths_first -Wl,-headerpad_max_install_names -Xlinker -dependency_info -Xlinker /p/try/glfm/build/ios/CMakeFiles/CMakeTmp/CMAKE_TRY_COMPILE.build/Debug/cmTC_98d95.build/Objects-normal/x86_64/cmTC_98d95_dependency_info.dat -o /p/try/glfm/build/ios/CMakeFiles/CMakeTmp/Debug/cmTC_98d95

** BUILD SUCCEEDED **



Detecting C compiler ABI info compiled with the following output:
Change Dir: /p/try/glfm/build/ios/CMakeFiles/CMakeTmp

Run Build Command:"/usr/bin/xcodebuild" "-project" "CMAKE_TRY_COMPILE.xcodeproj" "build" "-target" "cmTC_fd4ce" "-configuration" "Debug"
note: Using new build system
note: Planning build
note: Constructing build description
CreateBuildDirectory /p/try/glfm/build/ios/CMakeFiles/CMakeTmp (in target: cmTC_fd4ce)
    cd /p/try/glfm/build/ios/CMakeFiles/CMakeTmp
    builtin-create-build-directory /p/try/glfm/build/ios/CMakeFiles/CMakeTmp

CompileC /p/try/glfm/build/ios/CMakeFiles/CMakeTmp/CMAKE_TRY_COMPILE.build/Debug/cmTC_fd4ce.build/Objects-normal/x86_64/CMakeCCompilerABI.o /usr/local/Cellar/cmake/3.9.6/share/cmake/Modules/CMakeCCompilerABI.c normal x86_64 c com.apple.compilers.llvm.clang.1_0.compiler (in target: cmTC_fd4ce)
    cd /p/try/glfm/build/ios/CMakeFiles/CMakeTmp
    export LANG=en_US.US-ASCII
    /Applications/Xcode.app/Contents/Developer/Toolchains/XcodeDefault.xctoolchain/usr/bin/clang -x c -arch x86_64 -fmessage-length=0 -fdiagnostics-show-note-include-stack -fmacro-backtrace-limit=0 -Wno-trigraphs -fpascal-strings -O0 -Wno-missing-field-initializers -Wno-missing-prototypes -Wno-return-type -Wno-missing-braces -Wparentheses -Wswitch -Wno-unused-function -Wno-unused-label -Wno-unused-parameter -Wno-unused-variable -Wunused-value -Wno-empty-body -Wno-uninitialized -Wno-unknown-pragmas -Wno-shadow -Wno-four-char-constants -Wno-conversion -Wno-constant-conversion -Wno-int-conversion -Wno-bool-conversion -Wno-enum-conversion -Wno-float-conversion -Wno-non-literal-null-conversion -Wno-objc-literal-conversion -Wno-shorten-64-to-32 -Wpointer-sign -Wno-newline-eof -DCMAKE_INTDIR=\"Debug\" -isysroot /Library/Developer/CommandLineTools/SDKs/MacOSX10.14.sdk -fasm-blocks -fstrict-aliasing -Wdeprecated-declarations -mmacosx-version-min=10.14 -g -Wno-sign-conversion -Wno-infinite-recursion -Wno-comma -Wno-block-capture-autoreleasing -Wno-strict-prototypes -Wno-semicolon-before-method-body -I/p/try/glfm/build/ios/CMakeFiles/CMakeTmp/Debug/include -I/p/try/glfm/build/ios/CMakeFiles/CMakeTmp/CMAKE_TRY_COMPILE.build/Debug/cmTC_fd4ce.build/DerivedSources-normal/x86_64 -I/p/try/glfm/build/ios/CMakeFiles/CMakeTmp/CMAKE_TRY_COMPILE.build/Debug/cmTC_fd4ce.build/DerivedSources/x86_64 -I/p/try/glfm/build/ios/CMakeFiles/CMakeTmp/CMAKE_TRY_COMPILE.build/Debug/cmTC_fd4ce.build/DerivedSources -Wmost -Wno-four-char-constants -Wno-unknown-pragmas -F/p/try/glfm/build/ios/CMakeFiles/CMakeTmp/Debug -MMD -MT dependencies -MF /p/try/glfm/build/ios/CMakeFiles/CMakeTmp/CMAKE_TRY_COMPILE.build/Debug/cmTC_fd4ce.build/Objects-normal/x86_64/CMakeCCompilerABI.d --serialize-diagnostics /p/try/glfm/build/ios/CMakeFiles/CMakeTmp/CMAKE_TRY_COMPILE.build/Debug/cmTC_fd4ce.build/Objects-normal/x86_64/CMakeCCompilerABI.dia -c /usr/local/Cellar/cmake/3.9.6/share/cmake/Modules/CMakeCCompilerABI.c -o /p/try/glfm/build/ios/CMakeFiles/CMakeTmp/CMAKE_TRY_COMPILE.build/Debug/cmTC_fd4ce.build/Objects-normal/x86_64/CMakeCCompilerABI.o

WriteAuxiliaryFile /p/try/glfm/build/ios/CMakeFiles/CMakeTmp/CMAKE_TRY_COMPILE.build/Debug/cmTC_fd4ce.build/Objects-normal/x86_64/cmTC_fd4ce.LinkFileList (in target: cmTC_fd4ce)
    cd /p/try/glfm/build/ios/CMakeFiles/CMakeTmp
    write-file /p/try/glfm/build/ios/CMakeFiles/CMakeTmp/CMAKE_TRY_COMPILE.build/Debug/cmTC_fd4ce.build/Objects-normal/x86_64/cmTC_fd4ce.LinkFileList

Ld /p/try/glfm/build/ios/CMakeFiles/CMakeTmp/Debug/cmTC_fd4ce normal x86_64 (in target: cmTC_fd4ce)
    cd /p/try/glfm/build/ios/CMakeFiles/CMakeTmp
    export MACOSX_DEPLOYMENT_TARGET=10.14
    /Applications/Xcode.app/Contents/Developer/Toolchains/XcodeDefault.xctoolchain/usr/bin/clang -arch x86_64 -isysroot /Library/Developer/CommandLineTools/SDKs/MacOSX10.14.sdk -L/p/try/glfm/build/ios/CMakeFiles/CMakeTmp/Debug -F/p/try/glfm/build/ios/CMakeFiles/CMakeTmp/Debug -filelist /p/try/glfm/build/ios/CMakeFiles/CMakeTmp/CMAKE_TRY_COMPILE.build/Debug/cmTC_fd4ce.build/Objects-normal/x86_64/cmTC_fd4ce.LinkFileList -mmacosx-version-min=10.14 -Xlinker -object_path_lto -Xlinker /p/try/glfm/build/ios/CMakeFiles/CMakeTmp/CMAKE_TRY_COMPILE.build/Debug/cmTC_fd4ce.build/Objects-normal/x86_64/cmTC_fd4ce_lto.o -Xlinker -no_deduplicate -v -Wl,-v -Wl,-search_paths_first -Wl,-headerpad_max_install_names -Xlinker -dependency_info -Xlinker /p/try/glfm/build/ios/CMakeFiles/CMakeTmp/CMAKE_TRY_COMPILE.build/Debug/cmTC_fd4ce.build/Objects-normal/x86_64/cmTC_fd4ce_dependency_info.dat -o /p/try/glfm/build/ios/CMakeFiles/CMakeTmp/Debug/cmTC_fd4ce
Apple LLVM version 10.0.1 (clang-1001.0.46.4)
Target: x86_64-apple-darwin18.7.0
Thread model: posix
InstalledDir: /Applications/Xcode.app/Contents/Developer/Toolchains/XcodeDefault.xctoolchain/usr/bin
 "/Applications/
X
code.app/Content
s/Developer/T
oolchai
ns/Xco
deDefa
ult.xc
toolch
ain/us
r/bin/
ld" 
-demangle -lto_library /Applications/Xcode.app/Contents/Developer/Toolchains/XcodeDefault.xctoolchain/usr/lib/libLTO.dylib -dynamic -arch
 x86_64 -macosx_version_min 10.14.0
 -syslibroot /Library/Developer/CommandLineTools/SDKs/MacOSX10.14.sdk -o /p/try/glfm/build/ios/CMakeFiles/CMakeTmp/Debug/cmTC_fd4ce
 -L/p/try/glfm/build/ios/CMakeFiles/CMakeTmp/Debug -filelist /p/try/glfm/build/ios/CMakeFiles/CMakeTmp/CMAKE_TRY_COMPILE.build/Debug/cmTC_fd4ce.build/Objects-normal/x86_64/cmTC_fd4ce.LinkFileList -object_path_lto 
/p/try/glfm/build/ios/CMakeFiles/CMakeTmp/CMAKE_TRY_COMPILE.build/Debug/cmTC_fd4ce.build/Objects-normal/x86_64/cmTC_fd4ce_lto.o -no_deduplicate -v 
-search_paths_first -headerpad_max_install_names -dependency_info /p/try/glfm/build/ios/CMakeFiles/CMakeTmp/CMAKE_TRY_COMPILE.build/Debug/cmTC_fd4ce.build/Objects-normal/x86_64/cmTC_fd4ce_dependency_info.dat 
-lSystem /Applications/Xcode.app/Contents/Developer/Toolchains/XcodeDefault.xctoolchain/usr/lib/clang/10.0.1/lib/darwin/libclang_rt.osx.a -F/p/try/glfm/build/ios/CMakeFiles/CMakeTmp/Debug
@(#)PROGRAM:ld  PROJECT:ld64-450.3
BUILD 18:16:53 Apr  5 2019
configured to support archs: armv6 armv7 armv7s arm64 arm64e arm64_32 i386 x86_64 x86_64h armv6m armv7k armv7m armv7em
Library search paths:
	/p/try/glfm/build/ios/CMakeFiles/CMakeTmp/Debug
	/Library/Developer/CommandLineTools/SDKs/MacOSX10.14.sdk/usr/lib
Framework search paths:
	/p/try/glfm/build/ios/CMakeFiles/CMakeTmp/Debug
	/Library/Developer/CommandLineTools/SDKs/MacOSX10.14.sdk/System/Library/Frameworks/

** BUILD SUCCEEDED **



Parsed C implicit link information from above output:
  link line regex: [^( *|.*[/\])(ld|CMAKE_LINK_STARTFILE-NOTFOUND|([^/\]+-)?ld|collect2)[^/\]*( |$)]
  ignore line: [Change Dir: /p/try/glfm/build/ios/CMakeFiles/CMakeTmp]
  ignore line: []
  ignore line: [Run Build Command:"/usr/bin/xcodebuild" "-project" "CMAKE_TRY_COMPILE.xcodeproj" "build" "-target" "cmTC_fd4ce" "-configuration" "Debug"]
  ignore line: [note: Using new build system]
  ignore line: [note: Planning build]
  ignore line: [note: Constructing build description]
  ignore line: [CreateBuildDirectory /p/try/glfm/build/ios/CMakeFiles/CMakeTmp (in target: cmTC_fd4ce)]
  ignore line: [    cd /p/try/glfm/build/ios/CMakeFiles/CMakeTmp]
  ignore line: [    builtin-create-build-directory /p/try/glfm/build/ios/CMakeFiles/CMakeTmp]
  ignore line: []
  ignore line: [CompileC /p/try/glfm/build/ios/CMakeFiles/CMakeTmp/CMAKE_TRY_COMPILE.build/Debug/cmTC_fd4ce.build/Objects-normal/x86_64/CMakeCCompilerABI.o /usr/local/Cellar/cmake/3.9.6/share/cmake/Modules/CMakeCCompilerABI.c normal x86_64 c com.apple.compilers.llvm.clang.1_0.compiler (in target: cmTC_fd4ce)]
  ignore line: [    cd /p/try/glfm/build/ios/CMakeFiles/CMakeTmp]
  ignore line: [    export LANG=en_US.US-ASCII]
  ignore line: [    /Applications/Xcode.app/Contents/Developer/Toolchains/XcodeDefault.xctoolchain/usr/bin/clang -x c -arch x86_64 -fmessage-length=0 -fdiagnostics-show-note-include-stack -fmacro-backtrace-limit=0 -Wno-trigraphs -fpascal-strings -O0 -Wno-missing-field-initializers -Wno-missing-prototypes -Wno-return-type -Wno-missing-braces -Wparentheses -Wswitch -Wno-unused-function -Wno-unused-label -Wno-unused-parameter -Wno-unused-variable -Wunused-value -Wno-empty-body -Wno-uninitialized -Wno-unknown-pragmas -Wno-shadow -Wno-four-char-constants -Wno-conversion -Wno-constant-conversion -Wno-int-conversion -Wno-bool-conversion -Wno-enum-conversion -Wno-float-conversion -Wno-non-literal-null-conversion -Wno-objc-literal-conversion -Wno-shorten-64-to-32 -Wpointer-sign -Wno-newline-eof -DCMAKE_INTDIR=\"Debug\" -isysroot /Library/Developer/CommandLineTools/SDKs/MacOSX10.14.sdk -fasm-blocks -fstrict-aliasing -Wdeprecated-declarations -mmacosx-version-min=10.14 -g -Wno-sign-conversion -Wno-infinite-recursion -Wno-comma -Wno-block-capture-autoreleasing -Wno-strict-prototypes -Wno-semicolon-before-method-body -I/p/try/glfm/build/ios/CMakeFiles/CMakeTmp/Debug/include -I/p/try/glfm/build/ios/CMakeFiles/CMakeTmp/CMAKE_TRY_COMPILE.build/Debug/cmTC_fd4ce.build/DerivedSources-normal/x86_64 -I/p/try/glfm/build/ios/CMakeFiles/CMakeTmp/CMAKE_TRY_COMPILE.build/Debug/cmTC_fd4ce.build/DerivedSources/x86_64 -I/p/try/glfm/build/ios/CMakeFiles/CMakeTmp/CMAKE_TRY_COMPILE.build/Debug/cmTC_fd4ce.build/DerivedSources -Wmost -Wno-four-char-constants -Wno-unknown-pragmas -F/p/try/glfm/build/ios/CMakeFiles/CMakeTmp/Debug -MMD -MT dependencies -MF /p/try/glfm/build/ios/CMakeFiles/CMakeTmp/CMAKE_TRY_COMPILE.build/Debug/cmTC_fd4ce.build/Objects-normal/x86_64/CMakeCCompilerABI.d --serialize-diagnostics /p/try/glfm/build/ios/CMakeFiles/CMakeTmp/CMAKE_TRY_COMPILE.build/Debug/cmTC_fd4ce.build/Objects-normal/x86_64/CMakeCCompilerABI.dia -c /usr/local/Cellar/cmake/3.9.6/share/cmake/Modules/CMakeCCompilerABI.c -o /p/try/glfm/build/ios/CMakeFiles/CMakeTmp/CMAKE_TRY_COMPILE.build/Debug/cmTC_fd4ce.build/Objects-normal/x86_64/CMakeCCompilerABI.o]
  ignore line: []
  ignore line: [WriteAuxiliaryFile /p/try/glfm/build/ios/CMakeFiles/CMakeTmp/CMAKE_TRY_COMPILE.build/Debug/cmTC_fd4ce.build/Objects-normal/x86_64/cmTC_fd4ce.LinkFileList (in target: cmTC_fd4ce)]
  ignore line: [    cd /p/try/glfm/build/ios/CMakeFiles/CMakeTmp]
  ignore line: [    write-file /p/try/glfm/build/ios/CMakeFiles/CMakeTmp/CMAKE_TRY_COMPILE.build/Debug/cmTC_fd4ce.build/Objects-normal/x86_64/cmTC_fd4ce.LinkFileList]
  ignore line: []
  ignore line: [Ld /p/try/glfm/build/ios/CMakeFiles/CMakeTmp/Debug/cmTC_fd4ce normal x86_64 (in target: cmTC_fd4ce)]
  ignore line: [    cd /p/try/glfm/build/ios/CMakeFiles/CMakeTmp]
  ignore line: [    export MACOSX_DEPLOYMENT_TARGET=10.14]
  ignore line: [    /Applications/Xcode.app/Contents/Developer/Toolchains/XcodeDefault.xctoolchain/usr/bin/clang -arch x86_64 -isysroot /Library/Developer/CommandLineTools/SDKs/MacOSX10.14.sdk -L/p/try/glfm/build/ios/CMakeFiles/CMakeTmp/Debug -F/p/try/glfm/build/ios/CMakeFiles/CMakeTmp/Debug -filelist /p/try/glfm/build/ios/CMakeFiles/CMakeTmp/CMAKE_TRY_COMPILE.build/Debug/cmTC_fd4ce.build/Objects-normal/x86_64/cmTC_fd4ce.LinkFileList -mmacosx-version-min=10.14 -Xlinker -object_path_lto -Xlinker /p/try/glfm/build/ios/CMakeFiles/CMakeTmp/CMAKE_TRY_COMPILE.build/Debug/cmTC_fd4ce.build/Objects-normal/x86_64/cmTC_fd4ce_lto.o -Xlinker -no_deduplicate -v -Wl,-v -Wl,-search_paths_first -Wl,-headerpad_max_install_names -Xlinker -dependency_info -Xlinker /p/try/glfm/build/ios/CMakeFiles/CMakeTmp/CMAKE_TRY_COMPILE.build/Debug/cmTC_fd4ce.build/Objects-normal/x86_64/cmTC_fd4ce_dependency_info.dat -o /p/try/glfm/build/ios/CMakeFiles/CMakeTmp/Debug/cmTC_fd4ce]
  ignore line: [Apple LLVM version 10.0.1 (clang-1001.0.46.4)]
  ignore line: [Target: x86_64-apple-darwin18.7.0]
  ignore line: [Thread model: posix]
  ignore line: [InstalledDir: /Applications/Xcode.app/Contents/Developer/Toolchains/XcodeDefault.xctoolchain/usr/bin]
  ignore line: [ "/Applications/]
  ignore line: [X]
  ignore line: [code.app/Content]
  ignore line: [s/Developer/T]
  ignore line: [oolchai]
  ignore line: [ns/Xco]
  ignore line: [deDefa]
  ignore line: [ult.xc]
  ignore line: [toolch]
  ignore line: [ain/us]
  ignore line: [r/bin/]
  link line: [ld" ]
    arg [ld ] ==> ignore
  Library search paths: [;/p/try/glfm/build/ios/CMakeFiles/CMakeTmp/Debug;/Library/Developer/CommandLineTools/SDKs/MacOSX10.14.sdk/usr/lib]
  Framework search paths: [;/p/try/glfm/build/ios/CMakeFiles/CMakeTmp/Debug;/Library/Developer/CommandLineTools/SDKs/MacOSX10.14.sdk/System/Library/Frameworks/]
  collapse library dir [/p/try/glfm/build/ios/CMakeFiles/CMakeTmp/Debug] ==> [/p/try/glfm/build/ios/CMakeFiles/CMakeTmp/Debug], skipping non-system directory
  collapse library dir [/Library/Developer/CommandLineTools/SDKs/MacOSX10.14.sdk/usr/lib] ==> [/Library/Developer/CommandLineTools/SDKs/MacOSX10.14.sdk/usr/lib]
  collapse framework dir [/p/try/glfm/build/ios/CMakeFiles/CMakeTmp/Debug] ==> [/p/try/glfm/build/ios/CMakeFiles/CMakeTmp/Debug], skipping non-system directory
  collapse framework dir [/Library/Developer/CommandLineTools/SDKs/MacOSX10.14.sdk/System/Library/Frameworks/] ==> [/Library/Developer/CommandLineTools/SDKs/MacOSX10.14.sdk/System/Library/Frameworks]
  implicit libs: []
  implicit dirs: [/Library/Developer/CommandLineTools/SDKs/MacOSX10.14.sdk/usr/lib]
  implicit fwks: [/Library/Developer/CommandLineTools/SDKs/MacOSX10.14.sdk/System/Library/Frameworks]




Detecting C [-std=c11] compiler features compiled with the following output:
Change Dir: /p/try/glfm/build/ios/CMakeFiles/CMakeTmp

Run Build Command:"/usr/bin/xcodebuild" "-project" "CMAKE_TRY_COMPILE.xcodeproj" "build" "-target" "cmTC_71934" "-configuration" "Debug"
note: Using new build system
note: Planning build
note: Constructing build description
CreateBuildDirectory /p/try/glfm/build/ios/CMakeFiles/CMakeTmp (in target: cmTC_71934)
    cd /p/try/glfm/build/ios/CMakeFiles/CMakeTmp
    builtin-create-build-directory /p/try/glfm/build/ios/CMakeFiles/CMakeTmp

WriteAuxiliaryFile /p/try/glfm/build/ios/CMakeFiles/CMakeTmp/CMAKE_TRY_COMPILE.build/Debug/cmTC_71934.build/Objects-normal/x86_64/cmTC_71934.LinkFileList (in target: cmTC_71934)
    cd /p/try/glfm/build/ios/CMakeFiles/CMakeTmp
    write-file /p/try/glfm/build/ios/CMakeFiles/CMakeTmp/CMAKE_TRY_COMPILE.build/Debug/cmTC_71934.build/Objects-normal/x86_64/cmTC_71934.LinkFileList

CompileC /p/try/glfm/build/ios/CMakeFiles/CMakeTmp/CMAKE_TRY_COMPILE.build/Debug/cmTC_71934.build/Objects-normal/x86_64/feature_tests.o /p/try/glfm/build/ios/CMakeFiles/feature_tests.c normal x86_64 c com.apple.compilers.llvm.clang.1_0.compiler (in target: cmTC_71934)
    cd /p/try/glfm/build/ios/CMakeFiles/CMakeTmp
    export LANG=en_US.US-ASCII
    /Applications/Xcode.app/Contents/Developer/Toolchains/XcodeDefault.xctoolchain/usr/bin/clang -x c -arch x86_64 -fmessage-length=0 -fdiagnostics-show-note-include-stack -fmacro-backtrace-limit=0 -Wno-trigraphs -fpascal-strings -O0 -Wno-missing-field-initializers -Wno-missing-prototypes -Wno-return-type -Wno-missing-braces -Wparentheses -Wswitch -Wno-unused-function -Wno-unused-label -Wno-unused-parameter -Wno-unused-variable -Wunused-value -Wno-empty-body -Wno-uninitialized -Wno-unknown-pragmas -Wno-shadow -Wno-four-char-constants -Wno-conversion -Wno-constant-conversion -Wno-int-conversion -Wno-bool-conversion -Wno-enum-conversion -Wno-float-conversion -Wno-non-literal-null-conversion -Wno-objc-literal-conversion -Wno-shorten-64-to-32 -Wpointer-sign -Wno-newline-eof -DCMAKE_INTDIR=\"Debug\" -isysroot /Library/Developer/CommandLineTools/SDKs/MacOSX10.14.sdk -fasm-blocks -fstrict-aliasing -Wdeprecated-declarations -mmacosx-version-min=10.14 -g -Wno-sign-conversion -Wno-infinite-recursion -Wno-comma -Wno-block-capture-autoreleasing -Wno-strict-prototypes -Wno-semicolon-before-method-body -I/p/try/glfm/build/ios/CMakeFiles/CMakeTmp/Debug/include -I/p/try/glfm/build/ios/CMakeFiles/CMakeTmp/CMAKE_TRY_COMPILE.build/Debug/cmTC_71934.build/DerivedSources-normal/x86_64 -I/p/try/glfm/build/ios/CMakeFiles/CMakeTmp/CMAKE_TRY_COMPILE.build/Debug/cmTC_71934.build/DerivedSources/x86_64 -I/p/try/glfm/build/ios/CMakeFiles/CMakeTmp/CMAKE_TRY_COMPILE.build/Debug/cmTC_71934.build/DerivedSources -Wmost -Wno-four-char-constants -Wno-unknown-pragmas -F/p/try/glfm/build/ios/CMakeFiles/CMakeTmp/Debug -std=c11 -MMD -MT dependencies -MF /p/try/glfm/build/ios/CMakeFiles/CMakeTmp/CMAKE_TRY_COMPILE.build/Debug/cmTC_71934.build/Objects-normal/x86_64/feature_tests.d --serialize-diagnostics /p/try/glfm/build/ios/CMakeFiles/CMakeTmp/CMAKE_TRY_COMPILE.build/Debug/cmTC_71934.build/Objects-normal/x86_64/feature_tests.dia -c /p/try/glfm/build/ios/CMakeFiles/feature_tests.c -o /p/try/glfm/build/ios/CMakeFiles/CMakeTmp/CMAKE_TRY_COMPILE.build/Debug/cmTC_71934.build/Objects-normal/x86_64/feature_tests.o

Ld /p/try/glfm/build/ios/CMakeFiles/CMakeTmp/Debug/cmTC_71934 normal x86_64 (in target: cmTC_71934)
    cd /p/try/glfm/build/ios/CMakeFiles/CMakeTmp
    export MACOSX_DEPLOYMENT_TARGET=10.14
    /Applications/Xcode.app/Contents/Developer/Toolchains/XcodeDefault.xctoolchain/usr/bin/clang -arch x86_64 -isysroot /Library/Developer/CommandLineTools/SDKs/MacOSX10.14.sdk -L/p/try/glfm/build/ios/CMakeFiles/CMakeTmp/Debug -F/p/try/glfm/build/ios/CMakeFiles/CMakeTmp/Debug -filelist /p/try/glfm/build/ios/CMakeFiles/CMakeTmp/CMAKE_TRY_COMPILE.build/Debug/cmTC_71934.build/Objects-normal/x86_64/cmTC_71934.LinkFileList -mmacosx-version-min=10.14 -Xlinker -object_path_lto -Xlinker /p/try/glfm/build/ios/CMakeFiles/CMakeTmp/CMAKE_TRY_COMPILE.build/Debug/cmTC_71934.build/Objects-normal/x86_64/cmTC_71934_lto.o -Xlinker -no_deduplicate -Wl,-search_paths_first -Wl,-headerpad_max_install_names -Xlinker -dependency_info -Xlinker /p/try/glfm/build/ios/CMakeFiles/CMakeTmp/CMAKE_TRY_COMPILE.build/Debug/cmTC_71934.build/Objects-normal/x86_64/cmTC_71934_dependency_info.dat -o /p/try/glfm/build/ios/CMakeFiles/CMakeTmp/Debug/cmTC_71934

** BUILD SUCCEEDED **



    Feature record: C_FEATURE:1c_function_prototypes
    Feature record: C_FEATURE:1c_restrict
    Feature record: C_FEATURE:1c_static_assert
    Feature record: C_FEATURE:1c_variadic_macros


Detecting C [-std=c99] compiler features compiled with the following output:
Change Dir: /p/try/glfm/build/ios/CMakeFiles/CMakeTmp

Run Build Command:"/usr/bin/xcodebuild" "-project" "CMAKE_TRY_COMPILE.xcodeproj" "build" "-target" "cmTC_83829" "-configuration" "Debug"
note: Using new build system
note: Planning build
note: Constructing build description
CreateBuildDirectory /p/try/glfm/build/ios/CMakeFiles/CMakeTmp (in target: cmTC_83829)
    cd /p/try/glfm/build/ios/CMakeFiles/CMakeTmp
    builtin-create-build-directory /p/try/glfm/build/ios/CMakeFiles/CMakeTmp

WriteAuxiliaryFile /p/try/glfm/build/ios/CMakeFiles/CMakeTmp/CMAKE_TRY_COMPILE.build/Debug/cmTC_83829.build/Objects-normal/x86_64/cmTC_83829.LinkFileList (in target: cmTC_83829)
    cd /p/try/glfm/build/ios/CMakeFiles/CMakeTmp
    write-file /p/try/glfm/build/ios/CMakeFiles/CMakeTmp/CMAKE_TRY_COMPILE.build/Debug/cmTC_83829.build/Objects-normal/x86_64/cmTC_83829.LinkFileList

CompileC /p/try/glfm/build/ios/CMakeFiles/CMakeTmp/CMAKE_TRY_COMPILE.build/Debug/cmTC_83829.build/Objects-normal/x86_64/feature_tests.o /p/try/glfm/build/ios/CMakeFiles/feature_tests.c normal x86_64 c com.apple.compilers.llvm.clang.1_0.compiler (in target: cmTC_83829)
    cd /p/try/glfm/build/ios/CMakeFiles/CMakeTmp
    export LANG=en_US.US-ASCII
    /Applications/Xcode.app/Contents/Developer/Toolchains/XcodeDefault.xctoolchain/usr/bin/clang -x c -arch x86_64 -fmessage-length=0 -fdiagnostics-show-note-include-stack -fmacro-backtrace-limit=0 -Wno-trigraphs -fpascal-strings -O0 -Wno-missing-field-initializers -Wno-missing-prototypes -Wno-return-type -Wno-missing-braces -Wparentheses -Wswitch -Wno-unused-function -Wno-unused-label -Wno-unused-parameter -Wno-unused-variable -Wunused-value -Wno-empty-body -Wno-uninitialized -Wno-unknown-pragmas -Wno-shadow -Wno-four-char-constants -Wno-conversion -Wno-constant-conversion -Wno-int-conversion -Wno-bool-conversion -Wno-enum-conversion -Wno-float-conversion -Wno-non-literal-null-conversion -Wno-objc-literal-conversion -Wno-shorten-64-to-32 -Wpointer-sign -Wno-newline-eof -DCMAKE_INTDIR=\"Debug\" -isysroot /Library/Developer/CommandLineTools/SDKs/MacOSX10.14.sdk -fasm-blocks -fstrict-aliasing -Wdeprecated-declarations -mmacosx-version-min=10.14 -g -Wno-sign-conversion -Wno-infinite-recursion -Wno-comma -Wno-block-capture-autoreleasing -Wno-strict-prototypes -Wno-semicolon-before-method-body -I/p/try/glfm/build/ios/CMakeFiles/CMakeTmp/Debug/include -I/p/try/glfm/build/ios/CMakeFiles/CMakeTmp/CMAKE_TRY_COMPILE.build/Debug/cmTC_83829.build/DerivedSources-normal/x86_64 -I/p/try/glfm/build/ios/CMakeFiles/CMakeTmp/CMAKE_TRY_COMPILE.build/Debug/cmTC_83829.build/DerivedSources/x86_64 -I/p/try/glfm/build/ios/CMakeFiles/CMakeTmp/CMAKE_TRY_COMPILE.build/Debug/cmTC_83829.build/DerivedSources -Wmost -Wno-four-char-constants -Wno-unknown-pragmas -F/p/try/glfm/build/ios/CMakeFiles/CMakeTmp/Debug -std=c99 -MMD -MT dependencies -MF /p/try/glfm/build/ios/CMakeFiles/CMakeTmp/CMAKE_TRY_COMPILE.build/Debug/cmTC_83829.build/Objects-normal/x86_64/feature_tests.d --serialize-diagnostics /p/try/glfm/build/ios/CMakeFiles/CMakeTmp/CMAKE_TRY_COMPILE.build/Debug/cmTC_83829.build/Objects-normal/x86_64/feature_tests.dia -c /p/try/glfm/build/ios/CMakeFiles/feature_tests.c -o /p/try/glfm/build/ios/CMakeFiles/CMakeTmp/CMAKE_TRY_COMPILE.build/Debug/cmTC_83829.build/Objects-normal/x86_64/feature_tests.o

Ld /p/try/glfm/build/ios/CMakeFiles/CMakeTmp/Debug/cmTC_83829 normal x86_64 (in target: cmTC_83829)
    cd /p/try/glfm/build/ios/CMakeFiles/CMakeTmp
    export MACOSX_DEPLOYMENT_TARGET=10.14
    /Applications/Xcode.app/Contents/Developer/Toolchains/XcodeDefault.xctoolchain/usr/bin/clang -arch x86_64 -isysroot /Library/Developer/CommandLineTools/SDKs/MacOSX10.14.sdk -L/p/try/glfm/build/ios/CMakeFiles/CMakeTmp/Debug -F/p/try/glfm/build/ios/CMakeFiles/CMakeTmp/Debug -filelist /p/try/glfm/build/ios/CMakeFiles/CMakeTmp/CMAKE_TRY_COMPILE.build/Debug/cmTC_83829.build/Objects-normal/x86_64/cmTC_83829.LinkFileList -mmacosx-version-min=10.14 -Xlinker -object_path_lto -Xlinker /p/try/glfm/build/ios/CMakeFiles/CMakeTmp/CMAKE_TRY_COMPILE.build/Debug/cmTC_83829.build/Objects-normal/x86_64/cmTC_83829_lto.o -Xlinker -no_deduplicate -Wl,-search_paths_first -Wl,-headerpad_max_install_names -Xlinker -dependency_info -Xlinker /p/try/glfm/build/ios/CMakeFiles/CMakeTmp/CMAKE_TRY_COMPILE.build/Debug/cmTC_83829.build/Objects-normal/x86_64/cmTC_83829_dependency_info.dat -o /p/try/glfm/build/ios/CMakeFiles/CMakeTmp/Debug/cmTC_83829

** BUILD SUCCEEDED **



    Feature record: C_FEATURE:1c_function_prototypes
    Feature record: C_FEATURE:1c_restrict
    Feature record: C_FEATURE:0c_static_assert
    Feature record: C_FEATURE:1c_variadic_macros


Detecting C [-std=c90] compiler features compiled with the following output:
Change Dir: /p/try/glfm/build/ios/CMakeFiles/CMakeTmp

Run Build Command:"/usr/bin/xcodebuild" "-project" "CMAKE_TRY_COMPILE.xcodeproj" "build" "-target" "cmTC_b611a" "-configuration" "Debug"
note: Using new build system
note: Planning build
note: Constructing build description
CreateBuildDirectory /p/try/glfm/build/ios/CMakeFiles/CMakeTmp (in target: cmTC_b611a)
    cd /p/try/glfm/build/ios/CMakeFiles/CMakeTmp
    builtin-create-build-directory /p/try/glfm/build/ios/CMakeFiles/CMakeTmp

WriteAuxiliaryFile /p/try/glfm/build/ios/CMakeFiles/CMakeTmp/CMAKE_TRY_COMPILE.build/Debug/cmTC_b611a.build/Objects-normal/x86_64/cmTC_b611a.LinkFileList (in target: cmTC_b611a)
    cd /p/try/glfm/build/ios/CMakeFiles/CMakeTmp
    write-file /p/try/glfm/build/ios/CMakeFiles/CMakeTmp/CMAKE_TRY_COMPILE.build/Debug/cmTC_b611a.build/Objects-normal/x86_64/cmTC_b611a.LinkFileList

CompileC /p/try/glfm/build/ios/CMakeFiles/CMakeTmp/CMAKE_TRY_COMPILE.build/Debug/cmTC_b611a.build/Objects-normal/x86_64/feature_tests.o /p/try/glfm/build/ios/CMakeFiles/feature_tests.c normal x86_64 c com.apple.compilers.llvm.clang.1_0.compiler (in target: cmTC_b611a)
    cd /p/try/glfm/build/ios/CMakeFiles/CMakeTmp
    export LANG=en_US.US-ASCII
    /Applications/Xcode.app/Contents/Developer/Toolchains/XcodeDefault.xctoolchain/usr/bin/clang -x c -arch x86_64 -fmessage-length=0 -fdiagnostics-show-note-include-stack -fmacro-backtrace-limit=0 -Wno-trigraphs -fpascal-strings -O0 -Wno-missing-field-initializers -Wno-missing-prototypes -Wno-return-type -Wno-missing-braces -Wparentheses -Wswitch -Wno-unused-function -Wno-unused-label -Wno-unused-parameter -Wno-unused-variable -Wunused-value -Wno-empty-body -Wno-uninitialized -Wno-unknown-pragmas -Wno-shadow -Wno-four-char-constants -Wno-conversion -Wno-constant-conversion -Wno-int-conversion -Wno-bool-conversion -Wno-enum-conversion -Wno-float-conversion -Wno-non-literal-null-conversion -Wno-objc-literal-conversion -Wno-shorten-64-to-32 -Wpointer-sign -Wno-newline-eof -DCMAKE_INTDIR=\"Debug\" -isysroot /Library/Developer/CommandLineTools/SDKs/MacOSX10.14.sdk -fasm-blocks -fstrict-aliasing -Wdeprecated-declarations -mmacosx-version-min=10.14 -g -Wno-sign-conversion -Wno-infinite-recursion -Wno-comma -Wno-block-capture-autoreleasing -Wno-strict-prototypes -Wno-semicolon-before-method-body -I/p/try/glfm/build/ios/CMakeFiles/CMakeTmp/Debug/include -I/p/try/glfm/build/ios/CMakeFiles/CMakeTmp/CMAKE_TRY_COMPILE.build/Debug/cmTC_b611a.build/DerivedSources-normal/x86_64 -I/p/try/glfm/build/ios/CMakeFiles/CMakeTmp/CMAKE_TRY_COMPILE.build/Debug/cmTC_b611a.build/DerivedSources/x86_64 -I/p/try/glfm/build/ios/CMakeFiles/CMakeTmp/CMAKE_TRY_COMPILE.build/Debug/cmTC_b611a.build/DerivedSources -Wmost -Wno-four-char-constants -Wno-unknown-pragmas -F/p/try/glfm/build/ios/CMakeFiles/CMakeTmp/Debug -std=c90 -MMD -MT dependencies -MF /p/try/glfm/build/ios/CMakeFiles/CMakeTmp/CMAKE_TRY_COMPILE.build/Debug/cmTC_b611a.build/Objects-normal/x86_64/feature_tests.d --serialize-diagnostics /p/try/glfm/build/ios/CMakeFiles/CMakeTmp/CMAKE_TRY_COMPILE.build/Debug/cmTC_b611a.build/Objects-normal/x86_64/feature_tests.dia -c /p/try/glfm/build/ios/CMakeFiles/feature_tests.c -o /p/try/glfm/build/ios/CMakeFiles/CMakeTmp/CMAKE_TRY_COMPILE.build/Debug/cmTC_b611a.build/Objects-normal/x86_64/feature_tests.o

Ld /p/try/glfm/build/ios/CMakeFiles/CMakeTmp/Debug/cmTC_b611a normal x86_64 (in target: cmTC_b611a)
    cd /p/try/glfm/build/ios/CMakeFiles/CMakeTmp
    export MACOSX_DEPLOYMENT_TARGET=10.14
    /Applications/Xcode.app/Contents/Developer/Toolchains/XcodeDefault.xctoolchain/usr/bin/clang -arch x86_64 -isysroot /Library/Developer/CommandLineTools/SDKs/MacOSX10.14.sdk -L/p/try/glfm/build/ios/CMakeFiles/CMakeTmp/Debug -F/p/try/glfm/build/ios/CMakeFiles/CMakeTmp/Debug -filelist /p/try/glfm/build/ios/CMakeFiles/CMakeTmp/CMAKE_TRY_COMPILE.build/Debug/cmTC_b611a.build/Objects-normal/x86_64/cmTC_b611a.LinkFileList -mmacosx-version-min=10.14 -Xlinker -object_path_lto -Xlinker /p/try/glfm/build/ios/CMakeFiles/CMakeTmp/CMAKE_TRY_COMPILE.build/Debug/cmTC_b611a.build/Objects-normal/x86_64/cmTC_b611a_lto.o -Xlinker -no_deduplicate -Wl,-search_paths_first -Wl,-headerpad_max_install_names -Xlinker -dependency_info -Xlinker /p/try/glfm/build/ios/CMakeFiles/CMakeTmp/CMAKE_TRY_COMPILE.build/Debug/cmTC_b611a.build/Objects-normal/x86_64/cmTC_b611a_dependency_info.dat -o /p/try/glfm/build/ios/CMakeFiles/CMakeTmp/Debug/cmTC_b611a

** BUILD SUCCEEDED **



    Feature record: C_FEATURE:1c_function_prototypes
    Feature record: C_FEATURE:0c_restrict
    Feature record: C_FEATURE:0c_static_assert
    Feature record: C_FEATURE:0c_variadic_macros
